{"meta": {"format": 3, "version": "7.14.1", "timestamp": "2026-06-11T13:39:09.137271", "branch_coverage": false, "show_contexts": false}, "files": {"auth.py": {"executed_lines": [12, 13, 14, 15, 16, 17, 18, 19, 21, 23, 24, 25, 26, 27, 29, 30, 33, 34, 36, 43, 50, 58, 61, 70, 72, 73, 74, 79, 81, 82, 85, 88, 90, 91, 92, 93, 94, 100, 101, 105, 112, 113, 114, 115, 116, 117, 118, 119, 120, 121, 122, 123, 124, 127, 128, 129, 130, 131, 132, 133, 134, 135, 136, 140, 141, 146, 147, 148, 158, 161, 162, 163, 172, 175, 177, 180, 181, 182, 187, 188, 189, 190, 191, 192, 193, 194, 195, 196, 199, 200, 201, 206, 207, 208, 213, 214, 215, 216, 217, 218, 219, 220, 221, 224, 225, 226, 227, 228, 239, 240, 241, 242, 243, 244, 247, 248, 249, 250, 251, 256, 257, 258, 259, 262, 263, 264, 265, 266, 267, 268, 273, 274, 275, 284, 285, 286, 287, 294, 295, 302, 303, 315, 316], "summary": {"covered_lines": 143, "num_statements": 150, "percent_covered": 95.33333333333333, "percent_covered_display": "95", "missing_lines": 7, "excluded_lines": 0, "percent_statements_covered": 95.33333333333333, "percent_statements_covered_display": "95"}, "missing_lines": [106, 107, 137, 209, 210, 222, 223], "excluded_lines": [], "functions": {"get_cors_origin": {"executed_lines": [72, 73, 74], "summary": {"covered_lines": 3, "num_statements": 3, "percent_covered": 100.0, "percent_covered_display": "100", "missing_lines": 0, "excluded_lines": 0, "percent_statements_covered": 100.0, "percent_statements_covered_display": "100"}, "missing_lines": [], "excluded_lines": [], "start_line": 70}, "hash_password": {"executed_lines": [81, 82, 85], "summary": {"covered_lines": 3, "num_statements": 3, "percent_covered": 100.0, "percent_covered_display": "100", "missing_lines": 0, "excluded_lines": 0, "percent_statements_covered": 100.0, "percent_statements_covered_display": "100"}, "missing_lines": [], "excluded_lines": [], "start_line": 79}, "verify_password": {"executed_lines": [90, 91, 92, 93, 94, 100, 101, 105], "summary": {"covered_lines": 8, "num_statements": 10, "percent_covered": 80.0, "percent_covered_display": "80", "missing_lines": 2, "excluded_lines": 0, "percent_statements_covered": 80.0, "percent_statements_covered_display": "80"}, "missing_lines": [106, 107], "excluded_lines": [], "start_line": 88}, "record_failed_attempt": {"executed_lines": [113, 114, 115, 116, 117, 118, 119, 120, 121, 122, 123, 124], "summary": {"covered_lines": 12, "num_statements": 12, "percent_covered": 100.0, "percent_covered_display": "100", "missing_lines": 0, "excluded_lines": 0, "percent_statements_covered": 100.0, "percent_statements_covered_display": "100"}, "missing_lines": [], "excluded_lines": [], "start_line": 112}, "is_account_locked": {"executed_lines": [128, 129, 130, 131, 132, 133, 134, 135, 136], "summary": {"covered_lines": 9, "num_statements": 10, "percent_covered": 90.0, "percent_covered_display": "90", "missing_lines": 1, "excluded_lines": 0, "percent_statements_covered": 90.0, "percent_statements_covered_display": "90"}, "missing_lines": [137], "excluded_lines": [], "start_line": 127}, "clear_failed_attempts": {"executed_lines": [141], "summary": {"covered_lines": 1, "num_statements": 1, "percent_covered": 100.0, "percent_covered_display": "100", "missing_lines": 0, "excluded_lines": 0, "percent_statements_covered": 100.0, "percent_statements_covered_display": "100"}, "missing_lines": [], "excluded_lines": [], "start_line": 140}, "create_access_token": {"executed_lines": [147, 148, 158], "summary": {"covered_lines": 3, "num_statements": 3, "percent_covered": 100.0, "percent_covered_display": "100", "missing_lines": 0, "excluded_lines": 0, "percent_statements_covered": 100.0, "percent_statements_covered_display": "100"}, "missing_lines": [], "excluded_lines": [], "start_line": 146}, "create_refresh_token": {"executed_lines": [162, 163, 172], "summary": {"covered_lines": 3, "num_statements": 3, "percent_covered": 100.0, "percent_covered_display": "100", "missing_lines": 0, "excluded_lines": 0, "percent_statements_covered": 100.0, "percent_statements_covered_display": "100"}, "missing_lines": [], "excluded_lines": [], "start_line": 161}, "create_token": {"executed_lines": [177], "summary": {"covered_lines": 1, "num_statements": 1, "percent_covered": 100.0, "percent_covered_display": "100", "missing_lines": 0, "excluded_lines": 0, "percent_statements_covered": 100.0, "percent_statements_covered_display": "100"}, "missing_lines": [], "excluded_lines": [], "start_line": 175}, "decode_token": {"executed_lines": [181, 182, 187, 188, 189, 190, 191, 192, 193, 194, 195, 196], "summary": {"covered_lines": 12, "num_statements": 12, "percent_covered": 100.0, "percent_covered_display": "100", "missing_lines": 0, "excluded_lines": 0, "percent_statements_covered": 100.0, "percent_statements_covered_display": "100"}, "missing_lines": [], "excluded_lines": [], "start_line": 180}, "revoke_token": {"executed_lines": [200, 201, 206, 207, 208], "summary": {"covered_lines": 5, "num_statements": 7, "percent_covered": 71.42857142857143, "percent_covered_display": "71", "missing_lines": 2, "excluded_lines": 0, "percent_statements_covered": 71.42857142857143, "percent_statements_covered_display": "71"}, "missing_lines": [209, 210], "excluded_lines": [], "start_line": 199}, "refresh_access_token": {"executed_lines": [214, 215, 216, 217, 218, 219, 220, 221, 224, 225, 226, 227, 228], "summary": {"covered_lines": 13, "num_statements": 15, "percent_covered": 86.66666666666667, "percent_covered_display": "87", "missing_lines": 2, "excluded_lines": 0, "percent_statements_covered": 86.66666666666667, "percent_statements_covered_display": "87"}, "missing_lines": [222, 223], "excluded_lines": [], "start_line": 213}, "extract_token": {"executed_lines": [240, 241, 242, 243, 244], "summary": {"covered_lines": 5, "num_statements": 5, "percent_covered": 100.0, "percent_covered_display": "100", "missing_lines": 0, "excluded_lines": 0, "percent_statements_covered": 100.0, "percent_statements_covered_display": "100"}, "missing_lines": [], "excluded_lines": [], "start_line": 239}, "get_current_user": {"executed_lines": [248, 249, 250, 251], "summary": {"covered_lines": 4, "num_statements": 4, "percent_covered": 100.0, "percent_covered_display": "100", "missing_lines": 0, "excluded_lines": 0, "percent_statements_covered": 100.0, "percent_statements_covered_display": "100"}, "missing_lines": [], "excluded_lines": [], "start_line": 247}, "require_role": {"executed_lines": [257, 258, 259], "summary": {"covered_lines": 3, "num_statements": 3, "percent_covered": 100.0, "percent_covered_display": "100", "missing_lines": 0, "excluded_lines": 0, "percent_statements_covered": 100.0, "percent_statements_covered_display": "100"}, "missing_lines": [], "excluded_lines": [], "start_line": 256}, "can_read": {"executed_lines": [262], "summary": {"covered_lines": 1, "num_statements": 1, "percent_covered": 100.0, "percent_covered_display": "100", "missing_lines": 0, "excluded_lines": 0, "percent_statements_covered": 100.0, "percent_statements_covered_display": "100"}, "missing_lines": [], "excluded_lines": [], "start_line": 262}, "can_write": {"executed_lines": [263], "summary": {"covered_lines": 1, "num_statements": 1, "percent_covered": 100.0, "percent_covered_display": "100", "missing_lines": 0, "excluded_lines": 0, "percent_statements_covered": 100.0, "percent_statements_covered_display": "100"}, "missing_lines": [], "excluded_lines": [], "start_line": 263}, "can_delete": {"executed_lines": [264], "summary": {"covered_lines": 1, "num_statements": 1, "percent_covered": 100.0, "percent_covered_display": "100", "missing_lines": 0, "excluded_lines": 0, "percent_statements_covered": 100.0, "percent_statements_covered_display": "100"}, "missing_lines": [], "excluded_lines": [], "start_line": 264}, "can_admin": {"executed_lines": [265], "summary": {"covered_lines": 1, "num_statements": 1, "percent_covered": 100.0, "percent_covered_display": "100", "missing_lines": 0, "excluded_lines": 0, "percent_statements_covered": 100.0, "percent_statements_covered_display": "100"}, "missing_lines": [], "excluded_lines": [], "start_line": 265}, "can_manage_team": {"executed_lines": [266], "summary": {"covered_lines": 1, "num_statements": 1, "percent_covered": 100.0, "percent_covered_display": "100", "missing_lines": 0, "excluded_lines": 0, "percent_statements_covered": 100.0, "percent_statements_covered_display": "100"}, "missing_lines": [], "excluded_lines": [], "start_line": 266}, "can_manage_members": {"executed_lines": [267], "summary": {"covered_lines": 1, "num_statements": 1, "percent_covered": 100.0, "percent_covered_display": "100", "missing_lines": 0, "excluded_lines": 0, "percent_statements_covered": 100.0, "percent_statements_covered_display": "100"}, "missing_lines": [], "excluded_lines": [], "start_line": 267}, "can_manage_achievements": {"executed_lines": [268], "summary": {"covered_lines": 1, "num_statements": 1, "percent_covered": 100.0, "percent_covered_display": "100", "missing_lines": 0, "excluded_lines": 0, "percent_statements_covered": 100.0, "percent_statements_covered_display": "100"}, "missing_lines": [], "excluded_lines": [], "start_line": 268}, "_cors_headers": {"executed_lines": [274, 275], "summary": {"covered_lines": 2, "num_statements": 2, "percent_covered": 100.0, "percent_covered_display": "100", "missing_lines": 0, "excluded_lines": 0, "percent_statements_covered": 100.0, "percent_statements_covered_display": "100"}, "missing_lines": [], "excluded_lines": [], "start_line": 273}, "permission_error": {"executed_lines": [285, 286, 287], "summary": {"covered_lines": 3, "num_statements": 3, "percent_covered": 100.0, "percent_covered_display": "100", "missing_lines": 0, "excluded_lines": 0, "percent_statements_covered": 100.0, "percent_statements_covered_display": "100"}, "missing_lines": [], "excluded_lines": [], "start_line": 284}, "auth_error": {"executed_lines": [295], "summary": {"covered_lines": 1, "num_statements": 1, "percent_covered": 100.0, "percent_covered_display": "100", "missing_lines": 0, "excluded_lines": 0, "percent_statements_covered": 100.0, "percent_statements_covered_display": "100"}, "missing_lines": [], "excluded_lines": [], "start_line": 294}, "locked_error": {"executed_lines": [303], "summary": {"covered_lines": 1, "num_statements": 1, "percent_covered": 100.0, "percent_covered_display": "100", "missing_lines": 0, "excluded_lines": 0, "percent_statements_covered": 100.0, "percent_statements_covered_display": "100"}, "missing_lines": [], "excluded_lines": [], "start_line": 302}, "get_role_info": {"executed_lines": [316], "summary": {"covered_lines": 1, "num_statements": 1, "percent_covered": 100.0, "percent_covered_display": "100", "missing_lines": 0, "excluded_lines": 0, "percent_statements_covered": 100.0, "percent_statements_covered_display": "100"}, "missing_lines": [], "excluded_lines": [], "start_line": 315}, "": {"executed_lines": [12, 13, 14, 15, 16, 17, 18, 19, 21, 23, 24, 25, 26, 27, 29, 30, 33, 34, 36, 43, 50, 58, 61, 70, 79, 88, 112, 127, 140, 146, 161, 175, 180, 199, 213, 239, 247, 256, 273, 284, 294, 302, 315], "summary": {"covered_lines": 43, "num_statements": 43, "percent_covered": 100.0, "percent_covered_display": "100", "missing_lines": 0, "excluded_lines": 0, "percent_statements_covered": 100.0, "percent_statements_covered_display": "100"}, "missing_lines": [], "excluded_lines": [], "start_line": 1}}, "classes": {"": {"executed_lines": [12, 13, 14, 15, 16, 17, 18, 19, 21, 23, 24, 25, 26, 27, 29, 30, 33, 34, 36, 43, 50, 58, 61, 70, 72, 73, 74, 79, 81, 82, 85, 88, 90, 91, 92, 93, 94, 100, 101, 105, 112, 113, 114, 115, 116, 117, 118, 119, 120, 121, 122, 123, 124, 127, 128, 129, 130, 131, 132, 133, 134, 135, 136, 140, 141, 146, 147, 148, 158, 161, 162, 163, 172, 175, 177, 180, 181, 182, 187, 188, 189, 190, 191, 192, 193, 194, 195, 196, 199, 200, 201, 206, 207, 208, 213, 214, 215, 216, 217, 218, 219, 220, 221, 224, 225, 226, 227, 228, 239, 240, 241, 242, 243, 244, 247, 248, 249, 250, 251, 256, 257, 258, 259, 262, 263, 264, 265, 266, 267, 268, 273, 274, 275, 284, 285, 286, 287, 294, 295, 302, 303, 315, 316], "summary": {"covered_lines": 143, "num_statements": 150, "percent_covered": 95.33333333333333, "percent_covered_display": "95", "missing_lines": 7, "excluded_lines": 0, "percent_statements_covered": 95.33333333333333, "percent_statements_covered_display": "95"}, "missing_lines": [106, 107, 137, 209, 210, 222, 223], "excluded_lines": [], "start_line": 1}}}, "function.py": {"executed_lines": [6, 7, 8, 9, 10, 11, 13, 14, 26, 27, 29, 32, 33, 34, 39, 40, 41, 54, 55, 58, 59, 60, 62, 63, 64, 65, 66, 67, 70, 72, 74, 75, 76, 77, 80, 81, 82, 83, 84, 85, 88, 89, 92, 94, 97, 99, 100, 101, 102, 105, 107, 115, 118, 123, 124, 125, 128, 129, 131, 132, 135, 136, 137, 156, 157, 164, 175, 176, 192, 193, 199, 215, 222, 223, 241, 246, 247, 250, 252, 253, 254, 255, 256, 259, 261, 262, 263, 267, 272, 278, 279, 281, 282, 284, 285, 286, 288, 289, 290, 291, 292, 293, 294, 295, 296, 298, 299, 301, 302, 304, 305, 306, 307, 308, 309, 310, 318, 323, 324, 326, 327, 329, 339, 348, 349, 350, 351, 352, 353, 354, 357, 358, 359, 360, 364, 376, 381, 382, 383, 384, 438, 439, 444, 445, 446, 447, 449, 450, 453, 454, 455, 457, 458, 459, 460, 461, 462, 463, 464, 504, 505, 506, 507, 508, 509, 511, 512, 513, 514, 516, 517, 518, 520, 522, 523, 524, 525, 526, 527, 529, 530, 531, 534, 535, 537, 538, 552, 553, 555, 558, 579, 580, 581, 586, 587, 588, 590, 592, 593, 594, 595, 602, 604, 605, 607, 608, 609, 610, 611, 612, 613, 614, 615, 616, 617, 618, 619, 620, 621, 622, 635, 636, 637, 638, 639, 640, 642, 643, 644, 646, 647, 648, 649, 650, 652, 653, 654, 655, 657, 658, 659, 660, 661, 663, 664, 665, 667, 668, 669, 673, 674, 675, 676, 679, 681, 683, 684, 686, 687, 688, 689, 690, 691, 692, 696, 701, 702, 703, 705, 707, 708, 709, 710, 718, 720, 723, 726, 728, 729, 730, 731, 732, 733, 734, 735, 736, 737, 738, 739, 740, 741, 743, 744, 755, 756, 757, 760, 770, 771, 773, 774, 775, 777, 778, 779, 780, 781, 782, 783, 785, 786, 788, 789, 793, 794, 795, 796, 800, 801, 802, 803, 804, 806, 810, 811, 812, 813, 814, 815, 816, 817, 819, 824, 825, 828, 830, 831, 832, 833, 835, 842, 843, 845, 846, 848, 849, 852, 853, 855, 857, 860, 861, 862, 863, 865, 866, 869, 870, 871, 872, 875, 876, 879, 880, 890, 891, 893, 894, 895, 896, 898, 911, 912, 913, 914, 915, 917, 918, 919, 921, 922, 923, 924, 925, 927, 928, 930, 931, 936, 937, 938, 940, 941, 942, 943, 944, 945, 946, 947, 948, 949, 950, 954, 955, 958, 959, 991, 992, 993, 995, 996, 997, 1000, 1001, 1002, 1004, 1005, 1008, 1009, 1012, 1015, 1017, 1020, 1026, 1027, 1033, 1035, 1040, 1041, 1044, 1046, 1047, 1048, 1049, 1051, 1052, 1053, 1054, 1055, 1056, 1057, 1058, 1059, 1060, 1061, 1062, 1063, 1064, 1065, 1072, 1073, 1075, 1076, 1078, 1079, 1080, 1081, 1082, 1083, 1085, 1086, 1087, 1088, 1089, 1090, 1091, 1092, 1093, 1094, 1104, 1105, 1106, 1107, 1108, 1110, 1111, 1112, 1114, 1115, 1116, 1117, 1118, 1120, 1121, 1123, 1124, 1128, 1129, 1130, 1131, 1132, 1133, 1134, 1135, 1136, 1137, 1138, 1139, 1140, 1141, 1142, 1143, 1147, 1148, 1149, 1150, 1151, 1153, 1154, 1156, 1157, 1158, 1159, 1160, 1162, 1167, 1168, 1171, 1173, 1174, 1175, 1176, 1178, 1180, 1186, 1187, 1189, 1190, 1192, 1193, 1194, 1195, 1196, 1197, 1199, 1200, 1202, 1207, 1208, 1216, 1217, 1218, 1219, 1220, 1222, 1223, 1224, 1226, 1227, 1228, 1229, 1232, 1233, 1235, 1236, 1239, 1240, 1241, 1243, 1244, 1248, 1249, 1250, 1251, 1252, 1254, 1255, 1257, 1258, 1259, 1260, 1261, 1263, 1267, 1279, 1285, 1286, 1288, 1289, 1290, 1292, 1294, 1295, 1298, 1300, 1301, 1302, 1303, 1304, 1305, 1306, 1307, 1311, 1312, 1313, 1315, 1324, 1325, 1326, 1327, 1329, 1332, 1333, 1335, 1336, 1338, 1339, 1340, 1341, 1348, 1359, 1360, 1362, 1365, 1366, 1367, 1369, 1371, 1372, 1373, 1375, 1376, 1377, 1383, 1386, 1387, 1389, 1390, 1391, 1392, 1393, 1394, 1395, 1397, 1398, 1399, 1401, 1402, 1403, 1404, 1406, 1409, 1410, 1411, 1413, 1414, 1417, 1418, 1419, 1420, 1422, 1425, 1427, 1430, 1431, 1433, 1434, 1436, 1437, 1440, 1441, 1442, 1443, 1444, 1449, 1450, 1453, 1454, 1464, 1465, 1466, 1468, 1469, 1471, 1472, 1474, 1475, 1476, 1477, 1479, 1480, 1481, 1499, 1500, 1503, 1504, 1526, 1527, 1528, 1529, 1530, 1532, 1533, 1534, 1537, 1538, 1539, 1540, 1543, 1544, 1548, 1551, 1552, 1555, 1556, 1558, 1564, 1565, 1567, 1590, 1591, 1592, 1593, 1595, 1596, 1598, 1599, 1600, 1601, 1602, 1603, 1605, 1606, 1608, 1609, 1613, 1614, 1616, 1617, 1618, 1621, 1622, 1623, 1624, 1625, 1626, 1627, 1628, 1631, 1632, 1635, 1636, 1637, 1638, 1640, 1641, 1642, 1644, 1645, 1646, 1648, 1649, 1650, 1653, 1654, 1655, 1658, 1660, 1673, 1674, 1676, 1686, 1688, 1691, 1692, 1695, 1696, 1697, 1698, 1700, 1701, 1703, 1713, 1721, 1724, 1725, 1728, 1729, 1730, 1731, 1733, 1734, 1735, 1737, 1738, 1749, 1750, 1752, 1757, 1758, 1761, 1762, 1765, 1766, 1767, 1768, 1770, 1771, 1772, 1774, 1775, 1776, 1777, 1780, 1781, 1782, 1783, 1784, 1785, 1786, 1787, 1788, 1790, 1791, 1794, 1795, 1798, 1799, 1807, 1810, 1811, 1814, 1815, 1816, 1818, 1819, 1821, 1822, 1823, 1826, 1827, 1828, 1829, 1830, 1831, 1832, 1833, 1834, 1836, 1837, 1839, 1841, 1849, 1852, 1853, 1856, 1857, 1858, 1859, 1861, 1862, 1864, 1868, 1870, 1875, 1880, 1883, 1885, 1903, 1904, 1905, 1911, 1912, 1914, 1921, 1930, 1931, 1934, 1935, 1936, 1937, 1940, 1941, 1943, 1951, 1958, 1965, 1972, 1974, 1991, 1998, 2001, 2002, 2003, 2005, 2010, 2011, 2012, 2013, 2014, 2015, 2016, 2017, 2019, 2020, 2027, 2038, 2039, 2041, 2042, 2043, 2044, 2046, 2047, 2048, 2054, 2055, 2056, 2058, 2060, 2062, 2071, 2073, 2074, 2076, 2077, 2079, 2111, 2114, 2115, 2116, 2118, 2119, 2120, 2123, 2124, 2125, 2126, 2127, 2132, 2139, 2140, 2148, 2161, 2162, 2165, 2173, 2174, 2179, 2184, 2185, 2191, 2194, 2205, 2211, 2225, 2226, 2228, 2234, 2235, 2236, 2242, 2269, 2270, 2273, 2277, 2278, 2281, 2282, 2283, 2285, 2288, 2289, 2290, 2291, 2293, 2294, 2295, 2296, 2298, 2301, 2302, 2304, 2305, 2307, 2308, 2310, 2311, 2313, 2314, 2315, 2316, 2317, 2318, 2319, 2320, 2323, 2324, 2325, 2326, 2327, 2329, 2331, 2332, 2333, 2334, 2338, 2340, 2342, 2345, 2346, 2347, 2353, 2354, 2361, 2369, 2370, 2372, 2373, 2375, 2376, 2378, 2379, 2381, 2382, 2383, 2384, 2385, 2387, 2388, 2389, 2390, 2391, 2393, 2394, 2396, 2397, 2398, 2399, 2400, 2401, 2404, 2405, 2406, 2407, 2409, 2410, 2412, 2420], "summary": {"covered_lines": 1039, "num_statements": 1236, "percent_covered": 84.06148867313915, "percent_covered_display": "84", "missing_lines": 197, "excluded_lines": 0, "percent_statements_covered": 84.06148867313915, "percent_statements_covered_display": "84"}, "missing_lines": [61, 73, 126, 142, 143, 148, 149, 165, 168, 177, 178, 179, 184, 185, 194, 195, 197, 235, 236, 264, 297, 311, 313, 362, 466, 469, 470, 475, 476, 477, 479, 482, 515, 519, 521, 532, 596, 597, 603, 662, 666, 693, 694, 711, 712, 719, 724, 787, 807, 808, 826, 834, 836, 837, 847, 854, 856, 858, 873, 885, 929, 939, 960, 961, 962, 963, 964, 965, 966, 967, 968, 969, 970, 971, 972, 973, 974, 975, 976, 977, 978, 980, 981, 982, 1010, 1021, 1042, 1050, 1066, 1067, 1077, 1122, 1155, 1169, 1177, 1179, 1181, 1182, 1191, 1230, 1234, 1242, 1256, 1269, 1270, 1271, 1308, 1334, 1337, 1343, 1370, 1374, 1421, 1423, 1426, 1428, 1445, 1446, 1447, 1459, 1482, 1483, 1484, 1485, 1486, 1487, 1501, 1545, 1546, 1553, 1568, 1569, 1570, 1571, 1572, 1573, 1574, 1575, 1576, 1587, 1588, 1594, 1633, 1693, 1726, 1763, 1796, 1812, 1854, 1881, 1915, 1916, 1932, 1938, 1999, 2018, 2080, 2081, 2082, 2084, 2085, 2086, 2087, 2088, 2089, 2090, 2091, 2092, 2094, 2096, 2097, 2098, 2099, 2100, 2102, 2104, 2105, 2109, 2186, 2187, 2188, 2189, 2237, 2238, 2239, 2240, 2271, 2321, 2339, 2414, 2415, 2416, 2417, 2422, 2423, 2424, 2425], "excluded_lines": [], "functions": {"resp": {"executed_lines": [40, 41], "summary": {"covered_lines": 2, "num_statements": 2, "percent_covered": 100.0, "percent_covered_display": "100", "missing_lines": 0, "excluded_lines": 0, "percent_statements_covered": 100.0, "percent_statements_covered_display": "100"}, "missing_lines": [], "excluded_lines": [], "start_line": 39}, "err": {"executed_lines": [55], "summary": {"covered_lines": 1, "num_statements": 1, "percent_covered": 100.0, "percent_covered_display": "100", "missing_lines": 0, "excluded_lines": 0, "percent_statements_covered": 100.0, "percent_statements_covered_display": "100"}, "missing_lines": [], "excluded_lines": [], "start_line": 54}, "parse_body": {"executed_lines": [59, 60, 62, 63, 64, 65, 66, 67], "summary": {"covered_lines": 8, "num_statements": 9, "percent_covered": 88.88888888888889, "percent_covered_display": "89", "missing_lines": 1, "excluded_lines": 0, "percent_statements_covered": 88.88888888888889, "percent_statements_covered_display": "89"}, "missing_lines": [61], "excluded_lines": [], "start_line": 58}, "to_doc": {"executed_lines": [72, 74, 75, 76, 77], "summary": {"covered_lines": 5, "num_statements": 6, "percent_covered": 83.33333333333333, "percent_covered_display": "83", "missing_lines": 1, "excluded_lines": 0, "percent_statements_covered": 83.33333333333333, "percent_statements_covered_display": "83"}, "missing_lines": [73], "excluded_lines": [], "start_line": 70}, "valid_oid": {"executed_lines": [81, 82, 83, 84, 85], "summary": {"covered_lines": 5, "num_statements": 5, "percent_covered": 100.0, "percent_covered_display": "100", "missing_lines": 0, "excluded_lines": 0, "percent_statements_covered": 100.0, "percent_statements_covered_display": "100"}, "missing_lines": [], "excluded_lines": [], "start_line": 80}, "qs": {"executed_lines": [89], "summary": {"covered_lines": 1, "num_statements": 1, "percent_covered": 100.0, "percent_covered_display": "100", "missing_lines": 0, "excluded_lines": 0, "percent_statements_covered": 100.0, "percent_statements_covered_display": "100"}, "missing_lines": [], "excluded_lines": [], "start_line": 88}, "escape_regex": {"executed_lines": [94], "summary": {"covered_lines": 1, "num_statements": 1, "percent_covered": 100.0, "percent_covered_display": "100", "missing_lines": 0, "excluded_lines": 0, "percent_statements_covered": 100.0, "percent_statements_covered_display": "100"}, "missing_lines": [], "excluded_lines": [], "start_line": 92}, "active_filter": {"executed_lines": [99, 100, 101, 102], "summary": {"covered_lines": 4, "num_statements": 4, "percent_covered": 100.0, "percent_covered_display": "100", "missing_lines": 0, "excluded_lines": 0, "percent_statements_covered": 100.0, "percent_statements_covered_display": "100"}, "missing_lines": [], "excluded_lines": [], "start_line": 97}, "soft_delete": {"executed_lines": [107, 115], "summary": {"covered_lines": 2, "num_statements": 2, "percent_covered": 100.0, "percent_covered_display": "100", "missing_lines": 0, "excluded_lines": 0, "percent_statements_covered": 100.0, "percent_statements_covered_display": "100"}, "missing_lines": [], "excluded_lines": [], "start_line": 105}, "get_team_health": {"executed_lines": [123, 124, 125, 128, 129, 131, 132, 135, 136, 137, 156, 157, 164, 175, 176, 192, 193, 199], "summary": {"covered_lines": 18, "num_statements": 33, "percent_covered": 54.54545454545455, "percent_covered_display": "55", "missing_lines": 15, "excluded_lines": 0, "percent_statements_covered": 54.54545454545455, "percent_statements_covered_display": "55"}, "missing_lines": [126, 142, 143, 148, 149, 165, 168, 177, 178, 179, 184, 185, 194, 195, 197], "excluded_lines": [], "start_line": 118}, "log_audit": {"executed_lines": [222, 223], "summary": {"covered_lines": 2, "num_statements": 4, "percent_covered": 50.0, "percent_covered_display": "50", "missing_lines": 2, "excluded_lines": 0, "percent_statements_covered": 50.0, "percent_statements_covered_display": "50"}, "missing_lines": [235, 236], "excluded_lines": [], "start_line": 215}, "_calc_progress": {"executed_lines": [246, 247, 250, 252, 253, 254, 255, 256, 259, 261, 262, 263, 267], "summary": {"covered_lines": 13, "num_statements": 14, "percent_covered": 92.85714285714286, "percent_covered_display": "93", "missing_lines": 1, "excluded_lines": 0, "percent_statements_covered": 92.85714285714286, "percent_statements_covered_display": "93"}, "missing_lines": [264], "excluded_lines": [], "start_line": 241}, "handle_audit": {"executed_lines": [278, 279, 281, 282, 284, 285, 286, 288, 289, 290, 291, 292, 293, 294, 295, 296, 298, 299, 301, 302, 304, 305, 306, 307, 308, 309, 310], "summary": {"covered_lines": 27, "num_statements": 30, "percent_covered": 90.0, "percent_covered_display": "90", "missing_lines": 3, "excluded_lines": 0, "percent_statements_covered": 90.0, "percent_statements_covered_display": "90"}, "missing_lines": [297, 311, 313], "excluded_lines": [], "start_line": 272}, "handle_activity": {"executed_lines": [323, 324, 326, 327, 329, 339, 348, 349, 350, 351, 352, 353, 354, 357, 358, 359, 360, 364, 376], "summary": {"covered_lines": 19, "num_statements": 20, "percent_covered": 95.0, "percent_covered_display": "95", "missing_lines": 1, "excluded_lines": 0, "percent_statements_covered": 95.0, "percent_statements_covered_display": "95"}, "missing_lines": [362], "excluded_lines": [], "start_line": 318}, "seed_admin": {"executed_lines": [382, 383, 384, 438, 439], "summary": {"covered_lines": 5, "num_statements": 5, "percent_covered": 100.0, "percent_covered_display": "100", "missing_lines": 0, "excluded_lines": 0, "percent_statements_covered": 100.0, "percent_statements_covered_display": "100"}, "missing_lines": [], "excluded_lines": [], "start_line": 381}, "handle_login": {"executed_lines": [445, 446, 447, 449, 450, 453, 454, 455, 457, 458, 459, 460, 461, 462, 463, 464], "summary": {"covered_lines": 16, "num_statements": 24, "percent_covered": 66.66666666666667, "percent_covered_display": "67", "missing_lines": 8, "excluded_lines": 0, "percent_statements_covered": 66.66666666666667, "percent_statements_covered_display": "67"}, "missing_lines": [466, 469, 470, 475, 476, 477, 479, 482], "excluded_lines": [], "start_line": 444}, "handle_register": {"executed_lines": [505, 506, 507, 508, 509, 511, 512, 513, 514, 516, 517, 518, 520, 522, 523, 524, 525, 526, 527, 529, 530, 531, 534, 535, 537, 538, 552, 553, 555, 558], "summary": {"covered_lines": 30, "num_statements": 34, "percent_covered": 88.23529411764706, "percent_covered_display": "88", "missing_lines": 4, "excluded_lines": 0, "percent_statements_covered": 88.23529411764706, "percent_statements_covered_display": "88"}, "missing_lines": [515, 519, 521, 532], "excluded_lines": [], "start_line": 504}, "handle_seed": {"executed_lines": [580, 581], "summary": {"covered_lines": 2, "num_statements": 2, "percent_covered": 100.0, "percent_covered_display": "100", "missing_lines": 0, "excluded_lines": 0, "percent_statements_covered": 100.0, "percent_statements_covered_display": "100"}, "missing_lines": [], "excluded_lines": [], "start_line": 579}, "handle_users": {"executed_lines": [587, 588, 590, 592, 593, 594, 595, 602, 604, 605, 607, 608, 609, 610, 611, 612, 613, 614, 615, 616, 617, 618, 619, 620, 621, 622, 635, 636, 637, 638, 639, 640, 642, 643, 644, 646, 647, 648, 649, 650, 652, 653, 654, 655, 657, 658, 659, 660, 661, 663, 664, 665, 667, 668, 669, 673, 674, 675, 676, 679, 681, 683, 684, 686, 687, 688, 689, 690, 691, 692, 696], "summary": {"covered_lines": 71, "num_statements": 78, "percent_covered": 91.02564102564102, "percent_covered_display": "91", "missing_lines": 7, "excluded_lines": 0, "percent_statements_covered": 91.02564102564102, "percent_statements_covered_display": "91"}, "missing_lines": [596, 597, 603, 662, 666, 693, 694], "excluded_lines": [], "start_line": 586}, "handle_teams": {"executed_lines": [702, 703, 705, 707, 708, 709, 710, 718, 720, 723, 726, 728, 729, 730, 731, 732, 733, 734, 735, 736, 737, 738, 739, 740, 741, 743, 744, 755, 756, 757, 760, 770, 771, 773, 774, 775, 777, 778, 779, 780, 781, 782, 783, 785, 786, 788, 789, 793, 794, 795, 796, 800, 801, 802, 803, 804, 806, 810, 811, 812, 813, 814, 815, 816, 817, 819], "summary": {"covered_lines": 66, "num_statements": 73, "percent_covered": 90.41095890410959, "percent_covered_display": "90", "missing_lines": 7, "excluded_lines": 0, "percent_statements_covered": 90.41095890410959, "percent_statements_covered_display": "90"}, "missing_lines": [711, 712, 719, 724, 787, 807, 808], "excluded_lines": [], "start_line": 701}, "handle_members": {"executed_lines": [825, 828, 830, 831, 832, 833, 835, 842, 843, 845, 846, 848, 849, 852, 853, 855, 857, 860, 861, 862, 863, 865, 866, 869, 870, 871, 872, 875, 876, 879, 880, 890, 891, 893, 894, 895, 896, 898, 911, 912, 913, 914, 915, 917, 918, 919, 921, 922, 923, 924, 925, 927, 928, 930, 931, 936, 937, 938, 940, 941, 942, 943, 944, 945, 946, 947, 948, 949, 950, 954, 955, 958, 959, 991, 992, 993, 995, 996, 997, 1000, 1001, 1002, 1004, 1005, 1008, 1009, 1012, 1015, 1017, 1020, 1026, 1027, 1033, 1035], "summary": {"covered_lines": 94, "num_statements": 130, "percent_covered": 72.3076923076923, "percent_covered_display": "72", "missing_lines": 36, "excluded_lines": 0, "percent_statements_covered": 72.3076923076923, "percent_statements_covered_display": "72"}, "missing_lines": [826, 834, 836, 837, 847, 854, 856, 858, 873, 885, 929, 939, 960, 961, 962, 963, 964, 965, 966, 967, 968, 969, 970, 971, 972, 973, 974, 975, 976, 977, 978, 980, 981, 982, 1010, 1021], "excluded_lines": [], "start_line": 824}, "handle_achievements": {"executed_lines": [1041, 1044, 1046, 1047, 1048, 1049, 1051, 1052, 1053, 1054, 1055, 1056, 1057, 1058, 1059, 1060, 1061, 1062, 1063, 1064, 1065, 1072, 1073, 1075, 1076, 1078, 1079, 1080, 1081, 1082, 1083, 1085, 1086, 1087, 1088, 1089, 1090, 1091, 1092, 1093, 1094, 1104, 1105, 1106, 1107, 1108, 1110, 1111, 1112, 1114, 1115, 1116, 1117, 1118, 1120, 1121, 1123, 1124, 1128, 1129, 1130, 1131, 1132, 1133, 1134, 1135, 1136, 1137, 1138, 1139, 1140, 1141, 1142, 1143, 1147, 1148, 1149, 1150, 1151, 1153, 1154, 1156, 1157, 1158, 1159, 1160, 1162], "summary": {"covered_lines": 87, "num_statements": 94, "percent_covered": 92.55319148936171, "percent_covered_display": "93", "missing_lines": 7, "excluded_lines": 0, "percent_statements_covered": 92.55319148936171, "percent_statements_covered_display": "93"}, "missing_lines": [1042, 1050, 1066, 1067, 1077, 1122, 1155], "excluded_lines": [], "start_line": 1040}, "handle_metadata": {"executed_lines": [1168, 1171, 1173, 1174, 1175, 1176, 1178, 1180, 1186, 1187, 1189, 1190, 1192, 1193, 1194, 1195, 1196, 1197, 1199, 1200, 1202, 1207, 1208, 1216, 1217, 1218, 1219, 1220, 1222, 1223, 1224, 1226, 1227, 1228, 1229, 1232, 1233, 1235, 1236, 1239, 1240, 1241, 1243, 1244, 1248, 1249, 1250, 1251, 1252, 1254, 1255, 1257, 1258, 1259, 1260, 1261, 1263], "summary": {"covered_lines": 57, "num_statements": 67, "percent_covered": 85.07462686567165, "percent_covered_display": "85", "missing_lines": 10, "excluded_lines": 0, "percent_statements_covered": 85.07462686567165, "percent_statements_covered_display": "85"}, "missing_lines": [1169, 1177, 1179, 1181, 1182, 1191, 1230, 1234, 1242, 1256], "excluded_lines": [], "start_line": 1167}, "handle_roles": {"executed_lines": [], "summary": {"covered_lines": 0, "num_statements": 3, "percent_covered": 0.0, "percent_covered_display": "0", "missing_lines": 3, "excluded_lines": 0, "percent_statements_covered": 0.0, "percent_statements_covered_display": "0"}, "missing_lines": [1269, 1270, 1271], "excluded_lines": [], "start_line": 1267}, "handle_notes": {"executed_lines": [1285, 1286, 1288, 1289, 1290, 1292, 1294, 1295, 1298, 1300, 1301, 1302, 1303, 1304, 1305, 1306, 1307, 1311, 1312, 1313, 1315, 1324, 1325, 1326, 1327, 1329, 1332, 1333, 1335, 1336, 1338, 1339, 1340, 1341], "summary": {"covered_lines": 34, "num_statements": 38, "percent_covered": 89.47368421052632, "percent_covered_display": "89", "missing_lines": 4, "excluded_lines": 0, "percent_statements_covered": 89.47368421052632, "percent_statements_covered_display": "89"}, "missing_lines": [1308, 1334, 1337, 1343], "excluded_lines": [], "start_line": 1279}, "handle_projects": {"executed_lines": [1359, 1360, 1362, 1365, 1366, 1367, 1369, 1371, 1372, 1373, 1375, 1376, 1377, 1383, 1386, 1387, 1389, 1390, 1391, 1392, 1393, 1394, 1395, 1397, 1398, 1399, 1401, 1402, 1403, 1404, 1406, 1409, 1410, 1411, 1413, 1414, 1417, 1418, 1419, 1420, 1422, 1425, 1427, 1430, 1431, 1433, 1434, 1436, 1437, 1440, 1441, 1442, 1443, 1444, 1449, 1450, 1453, 1454, 1464, 1465, 1466, 1468, 1469, 1471, 1472, 1474, 1475, 1476, 1477, 1479, 1480, 1481, 1499, 1500, 1503, 1504, 1526, 1527, 1528, 1529, 1530, 1532, 1533, 1534, 1537, 1538, 1539, 1540, 1543, 1544, 1548, 1551, 1552, 1555, 1556, 1558, 1564, 1565, 1567, 1590, 1591, 1592, 1593, 1595, 1596, 1598, 1599, 1600, 1601, 1602, 1603, 1605, 1606, 1608, 1609, 1613, 1614, 1616, 1617, 1618, 1621, 1622, 1623, 1624, 1625, 1626, 1627, 1628, 1631, 1632, 1635, 1636, 1637, 1638, 1640, 1641, 1642, 1644, 1645, 1646, 1648, 1649, 1650, 1653, 1654, 1655, 1658, 1660, 1673, 1674, 1676, 1686, 1688, 1691, 1692, 1695, 1696, 1697, 1698, 1700, 1701, 1703, 1713, 1721, 1724, 1725, 1728, 1729, 1730, 1731, 1733, 1734, 1735, 1737, 1738, 1749, 1750, 1752, 1757, 1758, 1761, 1762, 1765, 1766, 1767, 1768, 1770, 1771, 1772, 1774, 1775, 1776, 1777, 1780, 1781, 1782, 1783, 1784, 1785, 1786, 1787, 1788, 1790, 1791, 1794, 1795, 1798, 1799, 1807, 1810, 1811, 1814, 1815, 1816, 1818, 1819, 1821, 1822, 1823, 1826, 1827, 1828, 1829, 1830, 1831, 1832, 1833, 1834, 1836, 1837, 1839, 1841, 1849, 1852, 1853, 1856, 1857, 1858, 1859, 1861, 1862, 1864, 1868, 1870], "summary": {"covered_lines": 244, "num_statements": 283, "percent_covered": 86.21908127208481, "percent_covered_display": "86", "missing_lines": 39, "excluded_lines": 0, "percent_statements_covered": 86.21908127208481, "percent_statements_covered_display": "86"}, "missing_lines": [1370, 1374, 1421, 1423, 1426, 1428, 1445, 1446, 1447, 1459, 1482, 1483, 1484, 1485, 1486, 1487, 1501, 1545, 1546, 1553, 1568, 1569, 1570, 1571, 1572, 1573, 1574, 1575, 1576, 1587, 1588, 1594, 1633, 1693, 1726, 1763, 1796, 1812, 1854], "excluded_lines": [], "start_line": 1348}, "handle_pipeline": {"executed_lines": [1880, 1883, 1885, 1903, 1904, 1905, 1911, 1912, 1914, 1921], "summary": {"covered_lines": 10, "num_statements": 13, "percent_covered": 76.92307692307692, "percent_covered_display": "77", "missing_lines": 3, "excluded_lines": 0, "percent_statements_covered": 76.92307692307692, "percent_statements_covered_display": "77"}, "missing_lines": [1881, 1915, 1916], "excluded_lines": [], "start_line": 1875}, "handle_search": {"executed_lines": [1931, 1934, 1935, 1936, 1937, 1940, 1941, 1943, 1951, 1958, 1965, 1972, 1974], "summary": {"covered_lines": 13, "num_statements": 15, "percent_covered": 86.66666666666667, "percent_covered_display": "87", "missing_lines": 2, "excluded_lines": 0, "percent_statements_covered": 86.66666666666667, "percent_statements_covered_display": "87"}, "missing_lines": [1932, 1938], "excluded_lines": [], "start_line": 1930}, "handle_resources": {"executed_lines": [1998, 2001, 2002, 2003, 2005, 2010, 2011, 2012, 2013, 2014, 2015, 2016, 2017, 2019, 2020, 2027, 2038, 2039, 2041, 2042, 2043, 2044, 2046, 2047, 2048, 2054, 2055, 2056, 2058, 2060, 2062], "summary": {"covered_lines": 31, "num_statements": 33, "percent_covered": 93.93939393939394, "percent_covered_display": "94", "missing_lines": 2, "excluded_lines": 0, "percent_statements_covered": 93.93939393939394, "percent_statements_covered_display": "94"}, "missing_lines": [1999, 2018], "excluded_lines": [], "start_line": 1991}, "handle_admin_fix_members": {"executed_lines": [2073, 2074, 2076, 2077, 2079, 2111], "summary": {"covered_lines": 6, "num_statements": 28, "percent_covered": 21.428571428571427, "percent_covered_display": "21", "missing_lines": 22, "excluded_lines": 0, "percent_statements_covered": 21.428571428571427, "percent_statements_covered_display": "21"}, "missing_lines": [2080, 2081, 2082, 2084, 2085, 2086, 2087, 2088, 2089, 2090, 2091, 2092, 2094, 2096, 2097, 2098, 2099, 2100, 2102, 2104, 2105, 2109], "excluded_lines": [], "start_line": 2071}, "handle_stats": {"executed_lines": [2115, 2116, 2118, 2119, 2120, 2123, 2124, 2125, 2126, 2127, 2132, 2139, 2140, 2148, 2161, 2162, 2165, 2173, 2174, 2179, 2184, 2185, 2191, 2194, 2205, 2211, 2225, 2226, 2228, 2234, 2235, 2236, 2242], "summary": {"covered_lines": 33, "num_statements": 41, "percent_covered": 80.48780487804878, "percent_covered_display": "80", "missing_lines": 8, "excluded_lines": 0, "percent_statements_covered": 80.48780487804878, "percent_statements_covered_display": "80"}, "missing_lines": [2186, 2187, 2188, 2189, 2237, 2238, 2239, 2240], "excluded_lines": [], "start_line": 2114}, "handler": {"executed_lines": [2270, 2273, 2277, 2278, 2281, 2282, 2283, 2285, 2288, 2289, 2290, 2291, 2293, 2294, 2295, 2296, 2298, 2301, 2302, 2304, 2305, 2307, 2308, 2310, 2311, 2313, 2314, 2315, 2316, 2317, 2318, 2319, 2320, 2323, 2324, 2325, 2326, 2327, 2329, 2331, 2332, 2333, 2334, 2338, 2340, 2342, 2345, 2346, 2347, 2353, 2354, 2361, 2369, 2370, 2372, 2373, 2375, 2376, 2378, 2379, 2381, 2382, 2383, 2384, 2385, 2387, 2388, 2389, 2390, 2391, 2393, 2394, 2396, 2397, 2398, 2399, 2400, 2401, 2404, 2405, 2406, 2407, 2409, 2410, 2412], "summary": {"covered_lines": 85, "num_statements": 92, "percent_covered": 92.3913043478261, "percent_covered_display": "92", "missing_lines": 7, "excluded_lines": 0, "percent_statements_covered": 92.3913043478261, "percent_statements_covered_display": "92"}, "missing_lines": [2271, 2321, 2339, 2414, 2415, 2416, 2417], "excluded_lines": [], "start_line": 2269}, "": {"executed_lines": [6, 7, 8, 9, 10, 11, 13, 14, 26, 27, 29, 32, 33, 34, 39, 54, 58, 70, 80, 88, 92, 97, 105, 118, 215, 241, 272, 318, 381, 444, 504, 579, 586, 701, 824, 1040, 1167, 1267, 1279, 1348, 1875, 1930, 1991, 2071, 2114, 2269, 2420], "summary": {"covered_lines": 47, "num_statements": 51, "percent_covered": 92.15686274509804, "percent_covered_display": "92", "missing_lines": 4, "excluded_lines": 0, "percent_statements_covered": 92.15686274509804, "percent_statements_covered_display": "92"}, "missing_lines": [2422, 2423, 2424, 2425], "excluded_lines": [], "start_line": 1}}, "classes": {"": {"executed_lines": [6, 7, 8, 9, 10, 11, 13, 14, 26, 27, 29, 32, 33, 34, 39, 40, 41, 54, 55, 58, 59, 60, 62, 63, 64, 65, 66, 67, 70, 72, 74, 75, 76, 77, 80, 81, 82, 83, 84, 85, 88, 89, 92, 94, 97, 99, 100, 101, 102, 105, 107, 115, 118, 123, 124, 125, 128, 129, 131, 132, 135, 136, 137, 156, 157, 164, 175, 176, 192, 193, 199, 215, 222, 223, 241, 246, 247, 250, 252, 253, 254, 255, 256, 259, 261, 262, 263, 267, 272, 278, 279, 281, 282, 284, 285, 286, 288, 289, 290, 291, 292, 293, 294, 295, 296, 298, 299, 301, 302, 304, 305, 306, 307, 308, 309, 310, 318, 323, 324, 326, 327, 329, 339, 348, 349, 350, 351, 352, 353, 354, 357, 358, 359, 360, 364, 376, 381, 382, 383, 384, 438, 439, 444, 445, 446, 447, 449, 450, 453, 454, 455, 457, 458, 459, 460, 461, 462, 463, 464, 504, 505, 506, 507, 508, 509, 511, 512, 513, 514, 516, 517, 518, 520, 522, 523, 524, 525, 526, 527, 529, 530, 531, 534, 535, 537, 538, 552, 553, 555, 558, 579, 580, 581, 586, 587, 588, 590, 592, 593, 594, 595, 602, 604, 605, 607, 608, 609, 610, 611, 612, 613, 614, 615, 616, 617, 618, 619, 620, 621, 622, 635, 636, 637, 638, 639, 640, 642, 643, 644, 646, 647, 648, 649, 650, 652, 653, 654, 655, 657, 658, 659, 660, 661, 663, 664, 665, 667, 668, 669, 673, 674, 675, 676, 679, 681, 683, 684, 686, 687, 688, 689, 690, 691, 692, 696, 701, 702, 703, 705, 707, 708, 709, 710, 718, 720, 723, 726, 728, 729, 730, 731, 732, 733, 734, 735, 736, 737, 738, 739, 740, 741, 743, 744, 755, 756, 757, 760, 770, 771, 773, 774, 775, 777, 778, 779, 780, 781, 782, 783, 785, 786, 788, 789, 793, 794, 795, 796, 800, 801, 802, 803, 804, 806, 810, 811, 812, 813, 814, 815, 816, 817, 819, 824, 825, 828, 830, 831, 832, 833, 835, 842, 843, 845, 846, 848, 849, 852, 853, 855, 857, 860, 861, 862, 863, 865, 866, 869, 870, 871, 872, 875, 876, 879, 880, 890, 891, 893, 894, 895, 896, 898, 911, 912, 913, 914, 915, 917, 918, 919, 921, 922, 923, 924, 925, 927, 928, 930, 931, 936, 937, 938, 940, 941, 942, 943, 944, 945, 946, 947, 948, 949, 950, 954, 955, 958, 959, 991, 992, 993, 995, 996, 997, 1000, 1001, 1002, 1004, 1005, 1008, 1009, 1012, 1015, 1017, 1020, 1026, 1027, 1033, 1035, 1040, 1041, 1044, 1046, 1047, 1048, 1049, 1051, 1052, 1053, 1054, 1055, 1056, 1057, 1058, 1059, 1060, 1061, 1062, 1063, 1064, 1065, 1072, 1073, 1075, 1076, 1078, 1079, 1080, 1081, 1082, 1083, 1085, 1086, 1087, 1088, 1089, 1090, 1091, 1092, 1093, 1094, 1104, 1105, 1106, 1107, 1108, 1110, 1111, 1112, 1114, 1115, 1116, 1117, 1118, 1120, 1121, 1123, 1124, 1128, 1129, 1130, 1131, 1132, 1133, 1134, 1135, 1136, 1137, 1138, 1139, 1140, 1141, 1142, 1143, 1147, 1148, 1149, 1150, 1151, 1153, 1154, 1156, 1157, 1158, 1159, 1160, 1162, 1167, 1168, 1171, 1173, 1174, 1175, 1176, 1178, 1180, 1186, 1187, 1189, 1190, 1192, 1193, 1194, 1195, 1196, 1197, 1199, 1200, 1202, 1207, 1208, 1216, 1217, 1218, 1219, 1220, 1222, 1223, 1224, 1226, 1227, 1228, 1229, 1232, 1233, 1235, 1236, 1239, 1240, 1241, 1243, 1244, 1248, 1249, 1250, 1251, 1252, 1254, 1255, 1257, 1258, 1259, 1260, 1261, 1263, 1267, 1279, 1285, 1286, 1288, 1289, 1290, 1292, 1294, 1295, 1298, 1300, 1301, 1302, 1303, 1304, 1305, 1306, 1307, 1311, 1312, 1313, 1315, 1324, 1325, 1326, 1327, 1329, 1332, 1333, 1335, 1336, 1338, 1339, 1340, 1341, 1348, 1359, 1360, 1362, 1365, 1366, 1367, 1369, 1371, 1372, 1373, 1375, 1376, 1377, 1383, 1386, 1387, 1389, 1390, 1391, 1392, 1393, 1394, 1395, 1397, 1398, 1399, 1401, 1402, 1403, 1404, 1406, 1409, 1410, 1411, 1413, 1414, 1417, 1418, 1419, 1420, 1422, 1425, 1427, 1430, 1431, 1433, 1434, 1436, 1437, 1440, 1441, 1442, 1443, 1444, 1449, 1450, 1453, 1454, 1464, 1465, 1466, 1468, 1469, 1471, 1472, 1474, 1475, 1476, 1477, 1479, 1480, 1481, 1499, 1500, 1503, 1504, 1526, 1527, 1528, 1529, 1530, 1532, 1533, 1534, 1537, 1538, 1539, 1540, 1543, 1544, 1548, 1551, 1552, 1555, 1556, 1558, 1564, 1565, 1567, 1590, 1591, 1592, 1593, 1595, 1596, 1598, 1599, 1600, 1601, 1602, 1603, 1605, 1606, 1608, 1609, 1613, 1614, 1616, 1617, 1618, 1621, 1622, 1623, 1624, 1625, 1626, 1627, 1628, 1631, 1632, 1635, 1636, 1637, 1638, 1640, 1641, 1642, 1644, 1645, 1646, 1648, 1649, 1650, 1653, 1654, 1655, 1658, 1660, 1673, 1674, 1676, 1686, 1688, 1691, 1692, 1695, 1696, 1697, 1698, 1700, 1701, 1703, 1713, 1721, 1724, 1725, 1728, 1729, 1730, 1731, 1733, 1734, 1735, 1737, 1738, 1749, 1750, 1752, 1757, 1758, 1761, 1762, 1765, 1766, 1767, 1768, 1770, 1771, 1772, 1774, 1775, 1776, 1777, 1780, 1781, 1782, 1783, 1784, 1785, 1786, 1787, 1788, 1790, 1791, 1794, 1795, 1798, 1799, 1807, 1810, 1811, 1814, 1815, 1816, 1818, 1819, 1821, 1822, 1823, 1826, 1827, 1828, 1829, 1830, 1831, 1832, 1833, 1834, 1836, 1837, 1839, 1841, 1849, 1852, 1853, 1856, 1857, 1858, 1859, 1861, 1862, 1864, 1868, 1870, 1875, 1880, 1883, 1885, 1903, 1904, 1905, 1911, 1912, 1914, 1921, 1930, 1931, 1934, 1935, 1936, 1937, 1940, 1941, 1943, 1951, 1958, 1965, 1972, 1974, 1991, 1998, 2001, 2002, 2003, 2005, 2010, 2011, 2012, 2013, 2014, 2015, 2016, 2017, 2019, 2020, 2027, 2038, 2039, 2041, 2042, 2043, 2044, 2046, 2047, 2048, 2054, 2055, 2056, 2058, 2060, 2062, 2071, 2073, 2074, 2076, 2077, 2079, 2111, 2114, 2115, 2116, 2118, 2119, 2120, 2123, 2124, 2125, 2126, 2127, 2132, 2139, 2140, 2148, 2161, 2162, 2165, 2173, 2174, 2179, 2184, 2185, 2191, 2194, 2205, 2211, 2225, 2226, 2228, 2234, 2235, 2236, 2242, 2269, 2270, 2273, 2277, 2278, 2281, 2282, 2283, 2285, 2288, 2289, 2290, 2291, 2293, 2294, 2295, 2296, 2298, 2301, 2302, 2304, 2305, 2307, 2308, 2310, 2311, 2313, 2314, 2315, 2316, 2317, 2318, 2319, 2320, 2323, 2324, 2325, 2326, 2327, 2329, 2331, 2332, 2333, 2334, 2338, 2340, 2342, 2345, 2346, 2347, 2353, 2354, 2361, 2369, 2370, 2372, 2373, 2375, 2376, 2378, 2379, 2381, 2382, 2383, 2384, 2385, 2387, 2388, 2389, 2390, 2391, 2393, 2394, 2396, 2397, 2398, 2399, 2400, 2401, 2404, 2405, 2406, 2407, 2409, 2410, 2412, 2420], "summary": {"covered_lines": 1039, "num_statements": 1236, "percent_covered": 84.06148867313915, "percent_covered_display": "84", "missing_lines": 197, "excluded_lines": 0, "percent_statements_covered": 84.06148867313915, "percent_statements_covered_display": "84"}, "missing_lines": [61, 73, 126, 142, 143, 148, 149, 165, 168, 177, 178, 179, 184, 185, 194, 195, 197, 235, 236, 264, 297, 311, 313, 362, 466, 469, 470, 475, 476, 477, 479, 482, 515, 519, 521, 532, 596, 597, 603, 662, 666, 693, 694, 711, 712, 719, 724, 787, 807, 808, 826, 834, 836, 837, 847, 854, 856, 858, 873, 885, 929, 939, 960, 961, 962, 963, 964, 965, 966, 967, 968, 969, 970, 971, 972, 973, 974, 975, 976, 977, 978, 980, 981, 982, 1010, 1021, 1042, 1050, 1066, 1067, 1077, 1122, 1155, 1169, 1177, 1179, 1181, 1182, 1191, 1230, 1234, 1242, 1256, 1269, 1270, 1271, 1308, 1334, 1337, 1343, 1370, 1374, 1421, 1423, 1426, 1428, 1445, 1446, 1447, 1459, 1482, 1483, 1484, 1485, 1486, 1487, 1501, 1545, 1546, 1553, 1568, 1569, 1570, 1571, 1572, 1573, 1574, 1575, 1576, 1587, 1588, 1594, 1633, 1693, 1726, 1763, 1796, 1812, 1854, 1881, 1915, 1916, 1932, 1938, 1999, 2018, 2080, 2081, 2082, 2084, 2085, 2086, 2087, 2088, 2089, 2090, 2091, 2092, 2094, 2096, 2097, 2098, 2099, 2100, 2102, 2104, 2105, 2109, 2186, 2187, 2188, 2189, 2237, 2238, 2239, 2240, 2271, 2321, 2339, 2414, 2415, 2416, 2417, 2422, 2423, 2424, 2425], "excluded_lines": [], "start_line": 1}}}}, "totals": {"covered_lines": 1182, "num_statements": 1386, "percent_covered": 85.28138528138528, "percent_covered_display": "85", "missing_lines": 204, "excluded_lines": 0, "percent_statements_covered": 85.28138528138528, "percent_statements_covered_display": "85"}}